0 info it worked if it ends with ok
1 verbose cli [ '/usr/local/bin/iojs', '/usr/local/bin/npm', 'run', 'update' ]
2 info using npm@2.11.0
3 info using node@v2.2.1
4 verbose stack Error: Failed to parse json
4 verbose stack Unexpected token 'u' at 8:6
4 verbose stack     "update": "node update/index.js"
4 verbose stack      ^
4 verbose stack     at parseError (/usr/local/lib/node_modules/npm/node_modules/read-package-json/read-json.js:379:11)
4 verbose stack     at parseJson (/usr/local/lib/node_modules/npm/node_modules/read-package-json/read-json.js:68:23)
4 verbose stack     at /usr/local/lib/node_modules/npm/node_modules/read-package-json/read-json.js:48:5
4 verbose stack     at FSReqWrap.readFileAfterClose [as oncomplete] (evalmachine.<anonymous>:382:3)
5 verbose cwd /home/ruben/apps/date2osmdiffs/update
6 error Linux 3.13.0-76-generic
7 error argv "/usr/local/bin/iojs" "/usr/local/bin/npm" "run" "update"
8 error node v2.2.1
9 error npm  v2.11.0
10 error file /home/ruben/apps/date2osmdiffs/package.json
11 error code EJSONPARSE
12 error Failed to parse json
12 error Unexpected token 'u' at 8:6
12 error     "update": "node update/index.js"
12 error      ^
13 error File: /home/ruben/apps/date2osmdiffs/package.json
14 error Failed to parse package.json data.
14 error package.json must be actual JSON, not just JavaScript.
14 error
14 error This is not a bug in npm.
14 error Tell the package author to fix their package.json file. JSON.parse
15 verbose exit [ 1, true ]
